Build started 5/02/2016 12:24:38 a.m..
     1>Project "D:\Dropbox\Development\Sigma\Sigma\Sigma.vcxproj" on node 2 (Build target(s)).
     1>ClCompile:
         D:\Programs\Microsoft Visual Studio 12.0\VC\bin\CL.exe /c /I"D:\Libraries\qt5-5.5.0-vs2013\qt5-x86-shared-release\include" /ID:\Dropbox\Development\Sigma\Sigma\src /Zi /nologo /W3 /WX- /sdl /O2 /Oi /Oy- /GL /D _MBCS /Gm- /EHsc /MD /GS /Gy /fp:precise /Zc:wchar_t /Zc:forScope /Fo"Release\\" /Fd"Release\vc120.pdb" /Gd /TP /analyze- /errorReport:prompt src\cxx\sigma\core\tasks\Task.cpp src\cxx\sigma\Main.cpp
         Task.cpp
     1>src\cxx\sigma\core\tasks\Task.cpp(1): fatal error C1083: Cannot open include file: 'sigma/core/tasks/Task.hpp': No such file or directory
         Main.cpp
     1>Done Building Project "D:\Dropbox\Development\Sigma\Sigma\Sigma.vcxproj" (Build target(s)) -- FAILED.

Build FAILED.

Time Elapsed 00:00:01.31
